<<<<<<< HEAD
\BOOKMARK [1][-]{section.1}{Einleitung}{}% 1
\BOOKMARK [2][-]{subsection.1.1}{Vorstellung des Prokeltes}{section.1}% 2
\BOOKMARK [2][-]{subsection.1.2}{Das Projektmanagement}{section.1}% 3
\BOOKMARK [1][-]{section.2}{Technische Dokumentation}{}% 4
\BOOKMARK [2][-]{subsection.2.1}{Dokumentation der Storys}{section.2}% 5
\BOOKMARK [2][-]{subsection.2.2}{Klassendiagramme}{section.2}% 6
<<<<<<< HEAD
\BOOKMARK [2][-]{subsection.2.3}{Sequenzdiagramme}{section.2}% 7
\BOOKMARK [2][-]{subsection.2.4}{Struktogramme}{section.2}% 8
\BOOKMARK [2][-]{subsection.2.5}{Javadocs}{section.2}% 9
\BOOKMARK [1][-]{section.3}{Benutzerhandbuch}{}% 10
\BOOKMARK [2][-]{subsection.3.1}{Einleitung}{section.3}% 11
\BOOKMARK [2][-]{subsection.3.2}{Projekt}{section.3}% 12
=======
\BOOKMARK [2][-]{subsection.2.3}{Klassendiagramme}{section.2}% 7
\BOOKMARK [2][-]{subsection.2.4}{Sequenzdiagramme}{section.2}% 8
\BOOKMARK [2][-]{subsection.2.5}{Struktogramme}{section.2}% 9
\BOOKMARK [2][-]{subsection.2.6}{Beschreibung einiger Methoden}{section.2}% 10
\BOOKMARK [2][-]{subsection.2.7}{Javadocs}{section.2}% 11
\BOOKMARK [1][-]{section.3}{Benutzerhandbuch}{}% 12
\BOOKMARK [2][-]{subsection.3.1}{Einleitung}{section.3}% 13
\BOOKMARK [2][-]{subsection.3.2}{Projekt}{section.3}% 14
>>>>>>> parent of 3259644... Kommplett
=======
\BOOKMARK [1][-]{section.1}{Einleitung}{}% 1
\BOOKMARK [2][-]{subsection.1.1}{Vorstellung des Prokeltes}{section.1}% 2
\BOOKMARK [2][-]{subsection.1.2}{Das Projektmanagement}{section.1}% 3
\BOOKMARK [1][-]{section.2}{Technische Dokumentation}{}% 4
\BOOKMARK [2][-]{subsection.2.1}{Dokumentation der Storys}{section.2}% 5
\BOOKMARK [2][-]{subsection.2.2}{Klassendiagramme}{section.2}% 6
\BOOKMARK [2][-]{subsection.2.3}{Sequenzdiagramme}{section.2}% 7
\BOOKMARK [2][-]{subsection.2.4}{Struktogramme}{section.2}% 8
\BOOKMARK [2][-]{subsection.2.5}{JavaDocs}{section.2}% 9
\BOOKMARK [1][-]{section.3}{Benutzerhandbuch}{}% 10
\BOOKMARK [2][-]{subsection.3.1}{Einleitung}{section.3}% 11
\BOOKMARK [2][-]{subsection.3.2}{Projekt}{section.3}% 12
>>>>>>> origin/Emanuel
