<<<<<<< HEAD
<<<<<<< HEAD
This is pdfTeX, Version 3.1415926-2.5-1.40.14 (MiKTeX 2.9 64-bit) (preloaded format=pdflatex 2015.1.12)  5 JUL 2015 19:55
=======
This is pdfTeX, Version 3.1415926-2.5-1.40.14 (MiKTeX 2.9 64-bit) (preloaded format=pdflatex 2015.1.12)  5 JUL 2015 19:00
>>>>>>> parent of 3259644... Kommplett
entering extended mode
**Hauptdokument.tex
(C:\Users\Fabian\Documents\GitHub\LatexDoku\LatexDoku\Hauptdokument.tex
LaTeX2e <2011/06/27>
Babel <v3.8m> and hyphenation patterns for english, afrikaans, ancientgreek, ar
abic, armenian, assamese, basque, bengali, bokmal, bulgarian, catalan, coptic, 
croatian, czech, danish, dutch, esperanto, estonian, farsi, finnish, french, ga
lician, german, german-x-2013-05-26, greek, gujarati, hindi, hungarian, iceland
ic, indonesian, interlingua, irish, italian, kannada, kurmanji, latin, latvian,
 lithuanian, malayalam, marathi, mongolian, mongolianlmc, monogreek, ngerman, n
german-x-2013-05-26, nynorsk, oriya, panjabi, pinyin, polish, portuguese, roman
ian, russian, sanskrit, serbian, slovak, slovenian, spanish, swedish, swissgerm
an, tamil, telugu, turkish, turkmen, ukenglish, ukrainian, uppersorbian, usengl
ishmax, welsh, loaded.
("C:\Program Files\MiKTeX 2.9\tex\latex\base\article.cls"
Document Class: article 2007/10/19 v1.4h Standard LaTeX document class
("C:\Program Files\MiKTeX 2.9\tex\latex\base\size12.clo"
File: size12.clo 2007/10/19 v1.4h Standard LaTeX file (size option)
)
\c@part=\count79
\c@section=\count80
\c@subsection=\count81
\c@subsubsection=\count82
\c@paragraph=\count83
\c@subparagraph=\count84
\c@figure=\count85
\c@table=\count86
\abovecaptionskip=\skip41
\belowcaptionskip=\skip42
\bibindent=\dimen102
)
(C:\Users\Fabian\Documents\GitHub\LatexDoku\LatexDoku\VorspannGross.tex
("C:\Program Files\MiKTeX 2.9\tex\latex\base\fontenc.sty"
Package: fontenc 2005/09/27 v1.99g Standard LaTeX package

("C:\Program Files\MiKTeX 2.9\tex\latex\base\t1enc.def"
File: t1enc.def 2005/09/27 v1.99g Standard LaTeX file
LaTeX Font Info:    Redeclaring font encoding T1 on input line 43.
))
("C:\Program Files\MiKTeX 2.9\tex\latex\base\inputenc.sty"
Package: inputenc 2008/03/30 v1.1d Input encoding file
\inpenc@prehook=\toks14
\inpenc@posthook=\toks15

("C:\Program Files\MiKTeX 2.9\tex\latex\ucs\utf8x.def"
File: utf8x.def 2004/10/17 UCS: Input encoding UTF-8
))
("C:\Program Files\MiKTeX 2.9\tex\latex\ucs\ucs.sty"
Package: ucs 2013/05/11 v2.2 UCS: Unicode input support

("C:\Program Files\MiKTeX 2.9\tex\latex\ucs\uni-global.def"
File: uni-global.def 2013/05/13 UCS: Unicode global data
)
\uc@secondtry=\count87
\uc@combtoks=\toks16
\uc@combtoksb=\toks17
\uc@temptokena=\toks18
)
("C:\Program Files\MiKTeX 2.9\tex\latex\graphics\graphicx.sty"
Package: graphicx 1999/02/16 v1.0f Enhanced LaTeX Graphics (DPC,SPQR)

("C:\Program Files\MiKTeX 2.9\tex\latex\graphics\keyval.sty"
Package: keyval 1999/03/16 v1.13 key=value parser (DPC)
\KV@toks@=\toks19
)
("C:\Program Files\MiKTeX 2.9\tex\latex\graphics\graphics.sty"
Package: graphics 2009/02/05 v1.0o Standard LaTeX Graphics (DPC,SPQR)

("C:\Program Files\MiKTeX 2.9\tex\latex\graphics\trig.sty"
Package: trig 1999/03/16 v1.09 sin cos tan (DPC)
)
("C:\Program Files\MiKTeX 2.9\tex\latex\00miktex\graphics.cfg"
File: graphics.cfg 2007/01/18 v1.5 graphics configuration of teTeX/TeXLive
)
Package graphics Info: Driver file: pdftex.def on input line 91.

("C:\Program Files\MiKTeX 2.9\tex\latex\pdftex-def\pdftex.def"
File: pdftex.def 2011/05/27 v0.06d Graphics/color for pdfTeX

("C:\Program Files\MiKTeX 2.9\tex\generic\oberdiek\infwarerr.sty"
Package: infwarerr 2010/04/08 v1.3 Providing info/warning/error messages (HO)
)
("C:\Program Files\MiKTeX 2.9\tex\generic\oberdiek\ltxcmds.sty"
Package: ltxcmds 2011/11/09 v1.22 LaTeX kernel commands for general use (HO)
)
\Gread@gobject=\count88
))
\Gin@req@height=\dimen103
\Gin@req@width=\dimen104
)
("C:\Program Files\MiKTeX 2.9\tex\latex\subfigure\subfigure.sty"
Package: subfigure 2002/07/30 v2.1.4 subfigure package
\subfigtopskip=\skip43
\subfigcapskip=\skip44
\subfigcaptopadj=\dimen105
\subfigbottomskip=\skip45
\subfigcapmargin=\dimen106
\subfiglabelskip=\skip46
\c@subfigure=\count89
\c@lofdepth=\count90
\c@subtable=\count91
\c@lotdepth=\count92

****************************************
* Local config file subfigure.cfg used *
****************************************
("C:\Program Files\MiKTeX 2.9\tex\latex\subfigure\subfigure.cfg")
\subfig@top=\skip47
\subfig@bottom=\skip48
)
("C:\Program Files\MiKTeX 2.9\tex\latex\base\makeidx.sty"
Package: makeidx 2000/03/29 v1.0m Standard LaTeX package
)
\@indexfile=\write3

Writing index file Hauptdokument.idx
("C:\Program Files\MiKTeX 2.9\tex\latex\ltxmisc\anysize.sty"
Package: anysize 1994/08/13 1.0 Contributed LaTeX2e package

Package: `anysize' 1.0 <1994/08/13>
\@Leftmargin=\dimen107
\@Rightmargin=\dimen108
\@Topmargin=\dimen109
\@Bottommargin=\dimen110
) ("C:\Program Files\MiKTeX 2.9\tex\latex\appendix\appendix.sty"
Package: appendix 2009/09/02 v1.2b extra appendix facilities
\c@@pps=\count93
\c@@ppsavesec=\count94
\c@@ppsaveapp=\count95
)
("C:\Program Files\MiKTeX 2.9\tex\generic\babel\babel.sty"
Package: babel 2008/07/08 v3.8m The Babel package

*************************************
* Local config file bblopts.cfg used
*
("C:\Program Files\MiKTeX 2.9\tex\latex\00miktex\bblopts.cfg"
File: bblopts.cfg 2006/07/31 v1.0 MiKTeX 'babel' configuration
)
("C:\Program Files\MiKTeX 2.9\tex\generic\babel\germanb.ldf"
Language: germanb 2008/06/01 v2.6m German support from the babel system

("C:\Program Files\MiKTeX 2.9\tex\generic\babel\babel.def"
File: babel.def 2008/07/08 v3.8m Babel common definitions
\babel@savecnt=\count96
\U@D=\dimen111
)
\l@austrian = a dialect from \language\l@german 
Package babel Info: Making " an active character on input line 102.
))
("C:\Program Files\MiKTeX 2.9\tex\latex\hyperref\hyperref.sty"
Package: hyperref 2012/11/06 v6.83m Hypertext links for LaTeX

("C:\Program Files\MiKTeX 2.9\tex\generic\oberdiek\hobsub-hyperref.sty"
Package: hobsub-hyperref 2012/04/25 v1.12 Bundle oberdiek, subset hyperref (HO)


("C:\Program Files\MiKTeX 2.9\tex\generic\oberdiek\hobsub-generic.sty"
Package: hobsub-generic 2012/04/25 v1.12 Bundle oberdiek, subset generic (HO)
Package: hobsub 2012/04/25 v1.12 Construct package bundles (HO)
Package hobsub Info: Skipping package `infwarerr' (already loaded).
Package hobsub Info: Skipping package `ltxcmds' (already loaded).
Package: ifluatex 2010/03/01 v1.3 Provides the ifluatex switch (HO)
Package ifluatex Info: LuaTeX not detected.
Package: ifvtex 2010/03/01 v1.5 Detect VTeX and its facilities (HO)
Package ifvtex Info: VTeX not detected.
Package: intcalc 2007/09/27 v1.1 Expandable calculations with integers (HO)
Package: ifpdf 2011/01/30 v2.3 Provides the ifpdf switch (HO)
Package ifpdf Info: pdfTeX in PDF mode is detected.
Package: etexcmds 2011/02/16 v1.5 Avoid name clashes with e-TeX commands (HO)
Package etexcmds Info: Could not find \expanded.
(etexcmds)             That can mean that you are not using pdfTeX 1.50 or
(etexcmds)             that some package has redefined \expanded.
(etexcmds)             In the latter case, load this package earlier.
Package: kvsetkeys 2012/04/25 v1.16 Key value parser (HO)
Package: kvdefinekeys 2011/04/07 v1.3 Define keys (HO)
Package: pdftexcmds 2011/11/29 v0.20 Utility functions of pdfTeX for LuaTeX (HO
)
Package pdftexcmds Info: LuaTeX not detected.
Package pdftexcmds Info: \pdf@primitive is available.
Package pdftexcmds Info: \pdf@ifprimitive is available.
Package pdftexcmds Info: \pdfdraftmode found.
Package: pdfescape 2011/11/25 v1.13 Implements pdfTeX's escape features (HO)
Package: bigintcalc 2012/04/08 v1.3 Expandable calculations on big integers (HO
)
Package: bitset 2011/01/30 v1.1 Handle bit-vector datatype (HO)
Package: uniquecounter 2011/01/30 v1.2 Provide unlimited unique counter (HO)
)
Package hobsub Info: Skipping package `hobsub' (already loaded).
Package: letltxmacro 2010/09/02 v1.4 Let assignment for LaTeX macros (HO)
Package: hopatch 2011/06/24 v1.1 Wrapper for package hooks (HO)
Package: xcolor-patch 2011/01/30 xcolor patch
Package: atveryend 2011/06/30 v1.8 Hooks at the very end of document (HO)
Package atveryend Info: \enddocument detected (standard20110627).
Package: atbegshi 2011/10/05 v1.16 At begin shipout hook (HO)
Package: refcount 2011/10/16 v3.4 Data extraction from label references (HO)
Package: hycolor 2011/01/30 v1.7 Color options for hyperref/bookmark (HO)
)
("C:\Program Files\MiKTeX 2.9\tex\generic\ifxetex\ifxetex.sty"
Package: ifxetex 2010/09/12 v0.6 Provides ifxetex conditional
)
("C:\Program Files\MiKTeX 2.9\tex\latex\oberdiek\auxhook.sty"
Package: auxhook 2011/03/04 v1.3 Hooks for auxiliary files (HO)
)
("C:\Program Files\MiKTeX 2.9\tex\latex\oberdiek\kvoptions.sty"
Package: kvoptions 2011/06/30 v3.11 Key value format for package options (HO)
)
\@linkdim=\dimen112
\Hy@linkcounter=\count97
\Hy@pagecounter=\count98

("C:\Program Files\MiKTeX 2.9\tex\latex\hyperref\pd1enc.def"
File: pd1enc.def 2012/11/06 v6.83m Hyperref: PDFDocEncoding definition (HO)
)
\Hy@SavedSpaceFactor=\count99

("C:\Program Files\MiKTeX 2.9\tex\latex\00miktex\hyperref.cfg"
File: hyperref.cfg 2002/06/06 v1.2 hyperref configuration of TeXLive
)
Package hyperref Info: Hyper figures OFF on input line 4443.
Package hyperref Info: Link nesting OFF on input line 4448.
Package hyperref Info: Hyper index ON on input line 4451.
Package hyperref Info: Plain pages OFF on input line 4458.
Package hyperref Info: Backreferencing OFF on input line 4463.
Package hyperref Info: Implicit mode ON; LaTeX internals redefined.
Package hyperref Info: Bookmarks ON on input line 4688.
\c@Hy@tempcnt=\count100

("C:\Program Files\MiKTeX 2.9\tex\latex\url\url.sty"
\Urlmuskip=\muskip10
Package: url 2013/09/16  ver 3.4  Verb mode for urls, etc.
)
LaTeX Info: Redefining \url on input line 5041.
\XeTeXLinkMargin=\dimen113
\Fld@menulength=\count101
\Field@Width=\dimen114
\Fld@charsize=\dimen115
Package hyperref Info: Hyper figures OFF on input line 6295.
Package hyperref Info: Link nesting OFF on input line 6300.
Package hyperref Info: Hyper index ON on input line 6303.
Package hyperref Info: backreferencing OFF on input line 6310.
Package hyperref Info: Link coloring OFF on input line 6315.
Package hyperref Info: Link coloring with OCG OFF on input line 6320.
Package hyperref Info: PDF/A mode OFF on input line 6325.
LaTeX Info: Redefining \ref on input line 6365.
LaTeX Info: Redefining \pageref on input line 6369.
\Hy@abspage=\count102
\c@Item=\count103
\c@Hfootnote=\count104
)

Package hyperref Message: Driver (autodetected): hpdftex.

("C:\Program Files\MiKTeX 2.9\tex\latex\hyperref\hpdftex.def"
File: hpdftex.def 2012/11/06 v6.83m Hyperref driver for pdfTeX
\Fld@listcount=\count105
\c@bookmark@seq@number=\count106

("C:\Program Files\MiKTeX 2.9\tex\latex\oberdiek\rerunfilecheck.sty"
Package: rerunfilecheck 2011/04/15 v1.7 Rerun checks for auxiliary files (HO)
Package uniquecounter Info: New unique counter `rerunfilecheck' on input line 2
82.
)
\Hy@SectionHShift=\skip49
)
("C:\Program Files\MiKTeX 2.9\tex\latex\graphics\color.sty"
Package: color 2005/11/14 v1.0j Standard LaTeX Color (DPC)

("C:\Program Files\MiKTeX 2.9\tex\latex\00miktex\color.cfg"
File: color.cfg 2007/01/18 v1.5 color configuration of teTeX/TeXLive
)
Package color Info: Driver file: pdftex.def on input line 130.
)
Package color Info: Redefining color black on input line 39.
Package hyperref Info: Option `colorlinks' set `true' on input line 40.

("C:\Program Files\MiKTeX 2.9\tex\latex\fancyhdr\fancyhdr.sty"
\fancy@headwidth=\skip50
\f@ncyO@elh=\skip51
\f@ncyO@erh=\skip52
\f@ncyO@olh=\skip53
\f@ncyO@orh=\skip54
\f@ncyO@elf=\skip55
\f@ncyO@erf=\skip56
\f@ncyO@olf=\skip57
\f@ncyO@orf=\skip58
)
("C:\Program Files\MiKTeX 2.9\tex\latex\tools\tabularx.sty"
Package: tabularx 1999/01/07 v2.07 `tabularx' package (DPC)

("C:\Program Files\MiKTeX 2.9\tex\latex\tools\array.sty"
Package: array 2008/09/09 v2.4c Tabular extension package (FMi)
\col@sep=\dimen116
\extrarowheight=\dimen117
\NC@list=\toks20
\extratabsurround=\skip59
\backup@length=\skip60
)
\TX@col@width=\dimen118
\TX@old@table=\dimen119
\TX@old@col=\dimen120
\TX@target=\dimen121
\TX@delta=\dimen122
\TX@cols=\count107
\TX@ftn=\toks21
)
("C:\Program Files\MiKTeX 2.9\tex\latex\float\float.sty"
Package: float 2001/11/08 v1.3d Float enhancements (AL)
\c@float@type=\count108
\float@exts=\toks22
\float@box=\box26
\@float@everytoks=\toks23
\@floatcapt=\box27
)
("C:\Program Files\MiKTeX 2.9\tex\latex\cite\cite.sty"
LaTeX Info: Redefining \cite on input line 302.
LaTeX Info: Redefining \nocite on input line 373.
Package: cite 2010/09/10  v 5.3
)
Package hyperref Info: Option `colorlinks' set `true' on input line 69.
)
("C:\Program Files\MiKTeX 2.9\tex\latex\pdfpages\pdfpages.sty"
Package: pdfpages 2015/06/15 v0.4y Insert pages of external PDF documents (AM)

("C:\Program Files\MiKTeX 2.9\tex\latex\base\ifthen.sty"
Package: ifthen 2001/05/26 v1.1c Standard LaTeX ifthen package (DPC)
)
("C:\Program Files\MiKTeX 2.9\tex\latex\tools\calc.sty"
Package: calc 2007/08/22 v4.3 Infix arithmetic (KKT,FJ)
\calc@Acount=\count109
\calc@Bcount=\count110
\calc@Adimen=\dimen123
\calc@Bdimen=\dimen124
\calc@Askip=\skip61
\calc@Bskip=\skip62
LaTeX Info: Redefining \setlength on input line 76.
LaTeX Info: Redefining \addtolength on input line 77.
\calc@Ccount=\count111
\calc@Cskip=\skip63
)
("C:\Program Files\MiKTeX 2.9\tex\latex\eso-pic\eso-pic.sty"
Package: eso-pic 2015/04/20 v2.0e eso-pic (RN)
)
\AM@pagewidth=\dimen125
\AM@pageheight=\dimen126

("C:\Program Files\MiKTeX 2.9\tex\latex\pdfpages\pppdftex.def"
File: pppdftex.def 2015/06/15 v0.4y Pdfpages driver for pdfTeX (AM)
)
("C:\Program Files\MiKTeX 2.9\tex\latex\oberdiek\pdflscape.sty"
Package: pdflscape 2008/08/11 v0.10 Display of landscape pages in PDF (HO)

("C:\Program Files\MiKTeX 2.9\tex\latex\graphics\lscape.sty"
Package: lscape 2000/10/22 v3.01 Landscape Pages (DPC)
)
Package pdflscape Info: Auto-detected driver: pdftex on input line 80.
)
\AM@pagebox=\box28
\AM@toc@title=\toks24
\c@AM@survey=\count112
\AM@templatesizebox=\box29
)
(C:\Users\Fabian\Documents\GitHub\LatexDoku\LatexDoku\Hauptdokument.aux)
LaTeX Font Info:    Checking defaults for OML/cmm/m/it on input line 6.
LaTeX Font Info:    ... okay on input line 6.
LaTeX Font Info:    Checking defaults for T1/cmr/m/n on input line 6.
LaTeX Font Info:    ... okay on input line 6.
LaTeX Font Info:    Checking defaults for OT1/cmr/m/n on input line 6.
LaTeX Font Info:    ... okay on input line 6.
LaTeX Font Info:    Checking defaults for OMS/cmsy/m/n on input line 6.
LaTeX Font Info:    ... okay on input line 6.
LaTeX Font Info:    Checking defaults for OMX/cmex/m/n on input line 6.
LaTeX Font Info:    ... okay on input line 6.
LaTeX Font Info:    Checking defaults for U/cmr/m/n on input line 6.
LaTeX Font Info:    ... okay on input line 6.
LaTeX Font Info:    Checking defaults for PD1/pdf/m/n on input line 6.
LaTeX Font Info:    ... okay on input line 6.

("C:\Program Files\MiKTeX 2.9\tex\latex\ucs\ucsencs.def"
File: ucsencs.def 2011/01/21 Fixes to fontencodings LGR, T3
)
("C:\Program Files\MiKTeX 2.9\tex\context\base\supp-pdf.mkii"
[Loading MPS to PDF converter (version 2006.09.02).]
\scratchcounter=\count113
\scratchdimen=\dimen127
\scratchbox=\box30
\nofMPsegments=\count114
\nofMParguments=\count115
\everyMPshowfont=\toks25
\MPscratchCnt=\count116
\MPscratchDim=\dimen128
\MPnumerator=\count117
\makeMPintoPDFobject=\count118
\everyMPtoPDFconversion=\toks26
)
\AtBeginShipoutBox=\box31
Package hyperref Info: Link coloring ON on input line 6.
 ("C:\Program Files\MiKTeX 2.9\tex\latex\hyperref\nameref.sty"
Package: nameref 2012/10/27 v2.43 Cross-referencing by name of section

("C:\Program Files\MiKTeX 2.9\tex\generic\oberdiek\gettitlestring.sty"
Package: gettitlestring 2010/12/03 v1.4 Cleanup title references (HO)
)
\c@section@level=\count119
)
LaTeX Info: Redefining \ref on input line 6.
LaTeX Info: Redefining \pageref on input line 6.
LaTeX Info: Redefining \nameref on input line 6.

(C:\Users\Fabian\Documents\GitHub\LatexDoku\LatexDoku\Hauptdokument.out)
(C:\Users\Fabian\Documents\GitHub\LatexDoku\LatexDoku\Hauptdokument.out)
\@outlinefile=\write4
LaTeX Font Info:    External font `cmex10' loaded for size
(Font)              <14.4> on input line 12.
LaTeX Font Info:    External font `cmex10' loaded for size
(Font)              <7> on input line 12.

[1

{C:/ProgramData/MiKTeX/2.9/pdftex/config/pdftex.map}]
(C:\Users\Fabian\Documents\GitHub\LatexDoku\LatexDoku\Hauptdokument.toc
LaTeX Font Info:    External font `cmex10' loaded for size
(Font)              <12> on input line 3.
LaTeX Font Info:    External font `cmex10' loaded for size
(Font)              <8> on input line 3.
LaTeX Font Info:    External font `cmex10' loaded for size
(Font)              <6> on input line 3.
)
\tf@toc=\write5

[2]
(C:\Users\Fabian\Documents\GitHub\LatexDoku\LatexDoku\Sektionen/Einleitung.tex
("C:\Program Files\MiKTeX 2.9\tex\latex\ucs\uni-0.def"
File: uni-0.def 2013/05/13 UCS: Unicode data U+0000..U+00FF
)
Underfull \hbox (badness 10000) in paragraph at lines 12--15

 []

[3] ("C:\Program Files\MiKTeX 2.9\tex\latex\ucs\uni-32.def"
File: uni-32.def 2013/05/13 UCS: Unicode data U+2000..U+20FF
)
LaTeX Font Info:    Try loading font information for OMS+cmr on input line 37.

("C:\Program Files\MiKTeX 2.9\tex\latex\base\omscmr.fd"
File: omscmr.fd 1999/05/25 v2.5h Standard LaTeX font definitions
)
LaTeX Font Info:    Font shape `OMS/cmr/m/n' in size <12> not available
(Font)              Font shape `OMS/cmsy/m/n' tried instead on input line 37.

Underfull \hbox (badness 10000) in paragraph at lines 42--43

 []


Underfull \hbox (badness 10000) in paragraph at lines 44--45

 []


Underfull \hbox (badness 10000) in paragraph at lines 52--53

 []

[4]
Underfull \hbox (badness 10000) in paragraph at lines 54--64

 []


Underfull \hbox (badness 10000) in paragraph at lines 65--73

 []


Underfull \hbox (badness 10000) in paragraph at lines 74--79

 []

) [5]
(C:\Users\Fabian\Documents\GitHub\LatexDoku\LatexDoku\Sektionen/TechnischeDokum
entation.tex
Underfull \hbox (badness 10000) in paragraph at lines 12--16

 []


Underfull \hbox (badness 10000) in paragraph at lines 26--30

 []


Underfull \hbox (badness 10000) in paragraph at lines 40--44

 []

[6]
Underfull \hbox (badness 10000) in paragraph at lines 53--59

 []


Underfull \hbox (badness 10000) in paragraph at lines 67--72

 []


Underfull \hbox (badness 10000) in paragraph at lines 81--87

 []


Underfull \hbox (badness 10000) in paragraph at lines 96--100

 []

[7]
Underfull \hbox (badness 10000) in paragraph at lines 110--116

 []


Underfull \hbox (badness 10000) in paragraph at lines 127--133

 []


Underfull \hbox (badness 10000) in paragraph at lines 142--146

 []

[8]
Underfull \hbox (badness 10000) in paragraph at lines 156--160

 []


Underfull \hbox (badness 10000) in paragraph at lines 169--173

 []


Underfull \hbox (badness 10000) in paragraph at lines 182--187

 []


Underfull \hbox (badness 10000) in paragraph at lines 195--201

 []

[9]
Underfull \hbox (badness 10000) in paragraph at lines 211--216

 []


Underfull \hbox (badness 10000) in paragraph at lines 227--231

 []


Underfull \hbox (badness 10000) in paragraph at lines 241--246

 []


Underfull \hbox (badness 10000) in paragraph at lines 255--261

 []

[10]
Underfull \hbox (badness 10000) in paragraph at lines 269--275

 []


Underfull \hbox (badness 10000) in paragraph at lines 284--290

 []


Underfull \hbox (badness 10000) in paragraph at lines 298--303

 []

[11]
Underfull \hbox (badness 10000) in paragraph at lines 311--315

 []


Underfull \hbox (badness 10000) in paragraph at lines 325--330

 []

<<<<<<< HEAD
[12] <Bilder/Klassendiagramm.PNG, id=194, 986.18437pt x 733.99219pt>
File: Bilder/Klassendiagramm.PNG Graphic file (type png)

<use Bilder/Klassendiagramm.PNG>
Package pdftex.def Info: Bilder/Klassendiagramm.PNG used on input line 337.
(pdftex.def)             Requested size: 986.18196pt x 733.99039pt.
 [13]
Overfull \vbox (12.7679pt too high) has occurred while \output is active []


[14 <C:/Users/Fabian/Documents/GitHub/LatexDoku/LatexDoku/Bilder/Klassendiagram
m.PNG>] <./Bilder/Klaviertaste_Gedrueckt.png, id=206, 1395.2125pt x 602.25pt>
=======
[12] <Bilder/GUIKlassendia/TeilOben.PNG, id=204, 870.25125pt x 542.025pt>
File: Bilder/GUIKlassendia/TeilOben.PNG Graphic file (type png)

<use Bilder/GUIKlassendia/TeilOben.PNG>
Package pdftex.def Info: Bilder/GUIKlassendia/TeilOben.PNG used on input line 3
40.
(pdftex.def)             Requested size: 435.12456pt x 271.01183pt.

<Bilder/GUIKlassendia/TeilUnten.PNG, id=206, 928.97063pt x 472.76625pt>
File: Bilder/GUIKlassendia/TeilUnten.PNG Graphic file (type png)

<use Bilder/GUIKlassendia/TeilUnten.PNG>
Package pdftex.def Info: Bilder/GUIKlassendia/TeilUnten.PNG used on input line 
343.
(pdftex.def)             Requested size: 464.48418pt x 236.38254pt.

Overfull \hbox (3.54918pt too wide) in paragraph at lines 343--344
 [][] 
 []

[13 <C:/Users/Fabian/Documents/GitHub/LatexDoku/LatexDoku/Bilder/GUIKlassendia/
TeilOben.PNG> <C:/Users/Fabian/Documents/GitHub/LatexDoku/LatexDoku/Bilder/GUIK
lassendia/TeilUnten.PNG>]
<./Bilder/Klaviertaste_Gedrueckt.png, id=214, 1395.2125pt x 602.25pt>
>>>>>>> parent of 3259644... Kommplett
File: ./Bilder/Klaviertaste_Gedrueckt.png Graphic file (type png)

<use ./Bilder/Klaviertaste_Gedrueckt.png>
Package pdftex.def Info: ./Bilder/Klaviertaste_Gedrueckt.png used on input line
<<<<<<< HEAD
 347.
=======
 356.
>>>>>>> parent of 3259644... Kommplett
(pdftex.def)             Requested size: 460.935pt x 198.96365pt.
 [15pdfTeX warning (ext4): destination with the same identifier (name{figure.1}
) has been already used, duplicate ignored

\AtBegShi@Output ...ipout \box \AtBeginShipoutBox 
                                                  \fi \fi 
<<<<<<< HEAD
l.375 \newpage
               <C:/Users/Fabian/Documents/GitHub/LatexDoku/LatexDoku/Bilder/Kla
viertaste_Gedrueckt.png (PNG copy)>]
<./Bilder/Neues_Projekt.png, id=215, 943.525pt x 572.1375pt>
File: ./Bilder/Neues_Projekt.png Graphic file (type png)

<use ./Bilder/Neues_Projekt.png>
Package pdftex.def Info: ./Bilder/Neues_Projekt.png used on input line 379.
(pdftex.def)             Requested size: 460.935pt x 279.503pt.

Underfull \hbox (badness 10000) in paragraph at lines 383--390
=======
l.384 \newpage
               <C:/Users/Fabian/Documents/GitHub/LatexDoku/LatexDoku/Bilder/Kla
viertaste_Gedrueckt.png (PNG copy)>]
<./Bilder/Neues_Projekt.png, id=223, 943.525pt x 572.1375pt>
File: ./Bilder/Neues_Projekt.png Graphic file (type png)

<use ./Bilder/Neues_Projekt.png>
Package pdftex.def Info: ./Bilder/Neues_Projekt.png used on input line 388.
(pdftex.def)             Requested size: 460.935pt x 279.503pt.

Underfull \hbox (badness 10000) in paragraph at lines 392--399
>>>>>>> parent of 3259644... Kommplett

 []

[16pdfTeX warning (ext4): destination with the same identifier (name{figure.2})
 has been already used, duplicate ignored

\AtBegShi@Output ...ipout \box \AtBeginShipoutBox 
                                                  \fi \fi 
<<<<<<< HEAD
l.393 \newpage
               <C:/Users/Fabian/Documents/GitHub/LatexDoku/LatexDoku/Bilder/Neu
es_Projekt.png (PNG copy)>]
<./Bilder/Ton_Aufnehmen.png, id=222, 761.84625pt x 663.47874pt>
File: ./Bilder/Ton_Aufnehmen.png Graphic file (type png)

<use ./Bilder/Ton_Aufnehmen.png>
Package pdftex.def Info: ./Bilder/Ton_Aufnehmen.png used on input line 400.
(pdftex.def)             Requested size: 460.935pt x 401.41093pt.

Underfull \hbox (badness 10000) in paragraph at lines 404--410
=======
l.402 \newpage
               <C:/Users/Fabian/Documents/GitHub/LatexDoku/LatexDoku/Bilder/Neu
es_Projekt.png (PNG copy)>]
<./Bilder/Ton_Aufnehmen.png, id=230, 761.84625pt x 663.47874pt>
File: ./Bilder/Ton_Aufnehmen.png Graphic file (type png)

<use ./Bilder/Ton_Aufnehmen.png>
Package pdftex.def Info: ./Bilder/Ton_Aufnehmen.png used on input line 409.
(pdftex.def)             Requested size: 460.935pt x 401.41093pt.

Underfull \hbox (badness 10000) in paragraph at lines 413--419
>>>>>>> parent of 3259644... Kommplett

 []

[17pdfTeX warning (ext4): destination with the same identifier (name{figure.3})
 has been already used, duplicate ignored

\AtBegShi@Output ...ipout \box \AtBeginShipoutBox 
                                                  \fi \fi 
<<<<<<< HEAD
l.413 \newpage
               <C:/Users/Fabian/Documents/GitHub/LatexDoku/LatexDoku/Bilder/Ton
_Aufnehmen.png>]
<./Bilder/tonAbspielen.png, id=230, 1008.76875pt x 532.99126pt>
File: ./Bilder/tonAbspielen.png Graphic file (type png)

<use ./Bilder/tonAbspielen.png>
Package pdftex.def Info: ./Bilder/tonAbspielen.png used on input line 417.
=======
l.422 \newpage
               <C:/Users/Fabian/Documents/GitHub/LatexDoku/LatexDoku/Bilder/Ton
_Aufnehmen.png>]
<./Bilder/tonAbspielen.png, id=238, 1008.76875pt x 532.99126pt>
File: ./Bilder/tonAbspielen.png Graphic file (type png)

<use ./Bilder/tonAbspielen.png>
Package pdftex.def Info: ./Bilder/tonAbspielen.png used on input line 426.
>>>>>>> parent of 3259644... Kommplett
(pdftex.def)             Requested size: 460.935pt x 243.53613pt.
 [18pdfTeX warning (ext4): destination with the same identifier (name{figure.4}
) has been already used, duplicate ignored

\AtBegShi@Output ...ipout \box \AtBeginShipoutBox 
                                                  \fi \fi 
<<<<<<< HEAD
l.425 \newpage
               <C:/Users/Fabian/Documents/GitHub/LatexDoku/LatexDoku/Bilder/ton
Abspielen.png>]
LaTeX Font Info:    Try loading font information for T1+cmtt on input line 434.

 ("C:\Program Files\MiKTeX 2.9\tex\latex\base\t1cmtt.fd"
=======
l.434 \newpage
               <C:/Users/Fabian/Documents/GitHub/LatexDoku/LatexDoku/Bilder/ton
Abspielen.png>]
Underfull \hbox (badness 10000) in paragraph at lines 442--445

 []

LaTeX Font Info:    Try loading font information for T1+cmtt on input line 453.

("C:\Program Files\MiKTeX 2.9\tex\latex\base\t1cmtt.fd"
>>>>>>> parent of 3259644... Kommplett
File: t1cmtt.fd 1999/05/25 v2.5h Standard LaTeX font definitions
))
[19]
(C:\Users\Fabian\Documents\GitHub\LatexDoku\LatexDoku\Sektionen/Benutzerhandbuc
<<<<<<< HEAD
h.tex <Bilder/Projektbild1.PNG, id=244, 749.80125pt x 460.72125pt>
=======
h.tex <Bilder/Projektbild1.PNG, id=251, 749.80125pt x 460.72125pt>
>>>>>>> parent of 3259644... Kommplett
File: Bilder/Projektbild1.PNG Graphic file (type png)

<use Bilder/Projektbild1.PNG>
Package pdftex.def Info: Bilder/Projektbild1.PNG used on input line 8.
(pdftex.def)             Requested size: 449.88422pt x 276.43488pt.
 [20pdfTeX warning (ext4): destination with the same identifier (name{figure.5}
) has been already used, duplicate ignored

\AtBegShi@Output ...ipout \box \AtBeginShipoutBox 
                                                  \fi \fi 
l.17 \newpage
              <C:/Users/Fabian/Documents/GitHub/LatexDoku/LatexDoku/Bilder/Proj
<<<<<<< HEAD
ektbild1.PNG>] <Bilder/Projektbild2_1.PNG, id=251, 557.08125pt x 240.14719pt>
=======
ektbild1.PNG>] <Bilder/Projektbild2_1.PNG, id=259, 557.08125pt x 240.14719pt>
>>>>>>> parent of 3259644... Kommplett
File: Bilder/Projektbild2_1.PNG Graphic file (type png)

<use Bilder/Projektbild2_1.PNG>
Package pdftex.def Info: Bilder/Projektbild2_1.PNG used on input line 25.
(pdftex.def)             Requested size: 225.86067pt x 97.36166pt.

<<<<<<< HEAD
<Bilder/ProjektEingabeName.PNG, id=252, 257.46187pt x 104.64093pt>
=======
<Bilder/ProjektEingabeName.PNG, id=260, 257.46187pt x 104.64093pt>
>>>>>>> parent of 3259644... Kommplett
File: Bilder/ProjektEingabeName.PNG Graphic file (type png)

<use Bilder/ProjektEingabeName.PNG>
Package pdftex.def Info: Bilder/ProjektEingabeName.PNG used on input line 26.
(pdftex.def)             Requested size: 225.86067pt x 91.79848pt.

<<<<<<< HEAD
<Bilder/ProjektSpeichern.PNG, id=253, 392.21532pt x 277.035pt>
=======
<Bilder/ProjektSpeichern.PNG, id=261, 392.21532pt x 277.035pt>
>>>>>>> parent of 3259644... Kommplett
File: Bilder/ProjektSpeichern.PNG Graphic file (type png)

<use Bilder/ProjektSpeichern.PNG>
Package pdftex.def Info: Bilder/ProjektSpeichern.PNG used on input line 34.
(pdftex.def)             Requested size: 392.21436pt x 277.03432pt.
 [21pdfTeX warning (ext4): destination with the same identifier (name{figure.6}
) has been already used, duplicate ignored

\AtBegShi@Output ...ipout \box \AtBeginShipoutBox 
                                                  \fi \fi 
l.43 
     pdfTeX warning (ext4): destination with the same identifier (name{figure.7
}) has been already used, duplicate ignored

\AtBegShi@Output ...ipout \box \AtBeginShipoutBox 
                                                  \fi \fi 
l.43 
      <C:/Users/Fabian/Documents/GitHub/LatexDoku/LatexDoku/Bilder/Projektbild2
_1.PNG> <C:/Users/Fabian/Documents/GitHub/LatexDoku/LatexDoku/Bilder/ProjektEin
gabeName.PNG> <C:/Users/Fabian/Documents/GitHub/LatexDoku/LatexDoku/Bilder/Proj
ektSpeichern.PNG>]
<<<<<<< HEAD
<Bilder/Projektbild3_1.PNG, id=267, 572.89032pt x 260.47313pt>
=======
<Bilder/Projektbild3_1.PNG, id=275, 572.89032pt x 260.47313pt>
>>>>>>> parent of 3259644... Kommplett
File: Bilder/Projektbild3_1.PNG Graphic file (type png)

<use Bilder/Projektbild3_1.PNG>
Package pdftex.def Info: Bilder/Projektbild3_1.PNG used on input line 46.
(pdftex.def)             Requested size: 343.73683pt x 156.28508pt.
 [22pdfTeX warning (ext4): destination with the same identifier (name{figure.8}
) has been already used, duplicate ignored

\AtBegShi@Output ...ipout \box \AtBeginShipoutBox 
                                                  \fi \fi 
l.50 \newpage
              <C:/Users/Fabian/Documents/GitHub/LatexDoku/LatexDoku/Bilder/Proj
ektbild3_1.PNG>]
<<<<<<< HEAD
<Bilder/Projektbild4_Dateiname.PNG, id=275, 402.00188pt x 94.10156pt>
=======
<Bilder/Projektbild4_Dateiname.PNG, id=283, 402.00188pt x 94.10156pt>
>>>>>>> parent of 3259644... Kommplett
File: Bilder/Projektbild4_Dateiname.PNG Graphic file (type png)

<use Bilder/Projektbild4_Dateiname.PNG>
Package pdftex.def Info: Bilder/Projektbild4_Dateiname.PNG used on input line 6
0.
(pdftex.def)             Requested size: 225.86067pt x 52.8688pt.

<<<<<<< HEAD
<Bilder/Projektbild4_Tempo.PNG, id=276, 383.18156pt x 101.62968pt>
=======
<Bilder/Projektbild4_Tempo.PNG, id=284, 383.18156pt x 101.62968pt>
>>>>>>> parent of 3259644... Kommplett
File: Bilder/Projektbild4_Tempo.PNG Graphic file (type png)

<use Bilder/Projektbild4_Tempo.PNG>
Package pdftex.def Info: Bilder/Projektbild4_Tempo.PNG used on input line 61.
(pdftex.def)             Requested size: 225.86067pt x 59.90515pt.

<<<<<<< HEAD
<Bilder/Projektbild4_AufnehmenButton.PNG, id=277, 385.44pt x 115.18031pt>
=======
<Bilder/Projektbild4_AufnehmenButton.PNG, id=285, 385.44pt x 115.18031pt>
>>>>>>> parent of 3259644... Kommplett
File: Bilder/Projektbild4_AufnehmenButton.PNG Graphic file (type png)

<use Bilder/Projektbild4_AufnehmenButton.PNG>
Package pdftex.def Info: Bilder/Projektbild4_AufnehmenButton.PNG used on input 
line 62.
(pdftex.def)             Requested size: 225.86067pt x 67.49355pt.

Overfull \hbox (1.22826pt too wide) in paragraph at lines 60--63
[][] [][]
 []

<<<<<<< HEAD
<Bilder/Projektbild4_Stop.PNG, id=278, 363.60844pt x 93.34875pt>
=======
<Bilder/Projektbild4_Stop.PNG, id=286, 363.60844pt x 93.34875pt>
>>>>>>> parent of 3259644... Kommplett
File: Bilder/Projektbild4_Stop.PNG Graphic file (type png)

<use Bilder/Projektbild4_Stop.PNG>
Package pdftex.def Info: Bilder/Projektbild4_Stop.PNG used on input line 70.
(pdftex.def)             Requested size: 363.60754pt x 93.34851pt.
 [23pdfTeX warning (ext4): destination with the same identifier (name{figure.9}
) has been already used, duplicate ignored

\AtBegShi@Output ...ipout \box \AtBeginShipoutBox 
                                                  \fi \fi 
l.74 \newpage
             pdfTeX warning (ext4): destination with the same identifier (name{
figure.10}) has been already used, duplicate ignored

\AtBegShi@Output ...ipout \box \AtBeginShipoutBox 
                                                  \fi \fi 
l.74 \newpage
              <C:/Users/Fabian/Documents/GitHub/LatexDoku/LatexDoku/Bilder/Proj
ektbild4_Dateiname.PNG> <C:/Users/Fabian/Documents/GitHub/LatexDoku/LatexDoku/B
ilder/Projektbild4_Tempo.PNG> <C:/Users/Fabian/Documents/GitHub/LatexDoku/Latex
Doku/Bilder/Projektbild4_AufnehmenButton.PNG> <C:/Users/Fabian/Documents/GitHub
/LatexDoku/LatexDoku/Bilder/Projektbild4_Stop.PNG>]
<<<<<<< HEAD
<Bilder/AbspielenBild.PNG, id=293, 391.4625pt x 275.52937pt>
=======
<Bilder/AbspielenBild.PNG, id=301, 391.4625pt x 275.52937pt>
>>>>>>> parent of 3259644... Kommplett
File: Bilder/AbspielenBild.PNG Graphic file (type png)

<use Bilder/AbspielenBild.PNG>
Package pdftex.def Info: Bilder/AbspielenBild.PNG used on input line 83.
(pdftex.def)             Requested size: 313.17041pt x 220.42378pt.

<<<<<<< HEAD
<Bilder/abspielenbsp.PNG, id=294, 235.63031pt x 108.405pt>
=======
<Bilder/abspielenbsp.PNG, id=302, 235.63031pt x 108.405pt>
>>>>>>> parent of 3259644... Kommplett
File: Bilder/abspielenbsp.PNG Graphic file (type png)

<use Bilder/abspielenbsp.PNG>
Package pdftex.def Info: Bilder/abspielenbsp.PNG used on input line 92.
(pdftex.def)             Requested size: 212.0653pt x 97.56358pt.

Underfull \hbox (badness 10000) in paragraph at lines 96--97

 []

[24pdfTeX warning (ext4): destination with the same identifier (name{figure.11}
) has been already used, duplicate ignored

\AtBegShi@Output ...ipout \box \AtBeginShipoutBox 
                                                  \fi \fi 
l.107    \item[•]
                    Die Töne des Samples müssen 8 oder 16 bit lang sein.pdfTe
X warning (ext4): destination with the same identifier (name{figure.12}) has be
en already used, duplicate ignored

\AtBegShi@Output ...ipout \box \AtBeginShipoutBox 
                                                  \fi \fi 
l.107    \item[•]
                    Die Töne des Samples müssen 8 oder 16 bit lang sein. <C:/
Users/Fabian/Documents/GitHub/LatexDoku/LatexDoku/Bilder/AbspielenBild.PNG> <C:
/Users/Fabian/Documents/GitHub/LatexDoku/LatexDoku/Bilder/abspielenbsp.PNG>]
<<<<<<< HEAD
[25] <Bilder/SampleDropdown.PNG, id=310, 371.88937pt x 91.84312pt>
=======
[24] <Bilder/SampleDropdown.PNG, id=317, 371.88937pt x 91.84312pt>
>>>>>>> parent of 3259644... Kommplett
File: Bilder/SampleDropdown.PNG Graphic file (type png)

<use Bilder/SampleDropdown.PNG>
Package pdftex.def Info: Bilder/SampleDropdown.PNG used on input line 149.
(pdftex.def)             Requested size: 371.88846pt x 91.84288pt.

Underfull \hbox (badness 10000) in paragraph at lines 155--156

 []

<<<<<<< HEAD
<Bilder/Projektbild1EigenesSample.PNG, id=311, 749.80125pt x 460.72125pt>
=======
<Bilder/Projektbild1EigenesSample.PNG, id=318, 749.80125pt x 460.72125pt>
>>>>>>> parent of 3259644... Kommplett
File: Bilder/Projektbild1EigenesSample.PNG Graphic file (type png)

<use Bilder/Projektbild1EigenesSample.PNG>
Package pdftex.def Info: Bilder/Projektbild1EigenesSample.PNG used on input lin
e 161.
(pdftex.def)             Requested size: 449.88422pt x 276.43488pt.
)
Package atveryend Info: Empty hook `BeforeClearDocument' on input line 31.
 [26pdfTeX warning (ext4): destination with the same identifier (name{figure.13
}) has been already used, duplicate ignored

\AtBegShi@Output ...ipout \box \AtBeginShipoutBox 
                                                  \fi \fi 
l.31 \end{document}
                   pdfTeX warning (ext4): destination with the same identifier 
(name{figure.14}) has been already used, duplicate ignored

\AtBegShi@Output ...ipout \box \AtBeginShipoutBox 
                                                  \fi \fi 
l.31 \end{document}
                    <C:/Users/Fabian/Documents/GitHub/LatexDoku/LatexDoku/Bilde
r/SampleDropdown.PNG> <C:/Users/Fabian/Documents/GitHub/LatexDoku/LatexDoku/Bil
der/Projektbild1EigenesSample.PNG>]
Package atveryend Info: Empty hook `AfterLastShipout' on input line 31.

(C:\Users\Fabian\Documents\GitHub\LatexDoku\LatexDoku\Hauptdokument.aux)
Package atveryend Info: Executing hook `AtVeryEndDocument' on input line 31.
Package atveryend Info: Executing hook `AtEndAfterFileList' on input line 31.
Package rerunfilecheck Info: File `Hauptdokument.out' has not changed.
<<<<<<< HEAD
(rerunfilecheck)             Checksum: F49C3E1A4344B306E8769C08DE8269C2;751.
Package atveryend Info: Empty hook `AtVeryVeryEnd' on input line 31.
 ) 
Here is how much of TeX's memory you used:
 8177 strings out of 493921
 118631 string characters out of 3147279
 200944 words of memory out of 3000000
 11174 multiletter control sequences out of 15000+200000
=======
(rerunfilecheck)             Checksum: 830F7085448ED830E9CFCE1AD783025E;898.
Package atveryend Info: Empty hook `AtVeryVeryEnd' on input line 31.
 ) 
Here is how much of TeX's memory you used:
 8186 strings out of 493921
 118894 string characters out of 3147279
 200944 words of memory out of 3000000
 11180 multiletter control sequences out of 15000+200000
>>>>>>> parent of 3259644... Kommplett
 13765 words of font info for 35 fonts, out of 3000000 for 9000
 841 hyphenation exceptions out of 8191
 32i,12n,43p,738b,481s stack positions out of 5000i,500n,10000p,200000b,50000s
 <C:\Users\Fabian\AppData\Local\MiKTeX\2.9\fonts\pk\ljfour\jknappen\ec\dpi600
\ecrm1000.pk> <C:\Users\Fabian\AppData\Local\MiKTeX\2.9\fonts\pk\ljfour\jknappe
n\ec\dpi600\ectt1200.pk> <C:\Users\Fabian\AppData\Local\MiKTeX\2.9\fonts\pk\ljf
our\jknappen\ec\dpi600\ecbx1440.pk> <C:\Users\Fabian\AppData\Local\MiKTeX\2.9\f
onts\pk\ljfour\jknappen\ec\dpi600\ecbx1200.pk> <C:\Users\Fabian\AppData\Local\M
iKTeX\2.9\fonts\pk\ljfour\jknappen\ec\dpi600\ecbx1728.pk> <C:\Users\Fabian\AppD
ata\Local\MiKTeX\2.9\fonts\pk\ljfour\jknappen\ec\dpi600\ecrm1200.pk> <C:\Users\
Fabian\AppData\Local\MiKTeX\2.9\fonts\pk\ljfour\jknappen\ec\dpi600\ecrm1440.pk>
 <C:\Users\Fabian\AppData\Local\MiKTeX\2.9\fonts\pk\ljfour\jknappen\ec\dpi600\e
crm2074.pk><C:/Program Files/MiKTeX 2.9/fonts/type1/public/amsfonts/cm/cmsy10.p
fb>
<<<<<<< HEAD
Output written on Hauptdokument.pdf (26 pages, 591912 bytes).
PDF statistics:
 678 PDF objects out of 1000 (max. 8388607)
 140 named destinations out of 1000 (max. 500000)
 187 words of extra memory for PDF output out of 10000 (max. 10000000)
=======
Output written on Hauptdokument.pdf (25 pages, 575662 bytes).
PDF statistics:
 692 PDF objects out of 1000 (max. 8388607)
 141 named destinations out of 1000 (max. 500000)
 208 words of extra memory for PDF output out of 10000 (max. 10000000)
>>>>>>> parent of 3259644... Kommplett

=======
This is pdfTeX, Version 3.1415926-2.5-1.40.14 (MiKTeX 2.9) (preloaded format=pdflatex 2014.5.29)  5 JUL 2015 19:49
entering extended mode
**Hauptdokument.tex
(C:\Users\Emanuel\git\LatexDoku\LatexDoku\Hauptdokument.tex
LaTeX2e <2011/06/27>
Babel <v3.8m> and hyphenation patterns for english, afrikaans, ancientgreek, ar
abic, armenian, assamese, basque, bengali, bokmal, bulgarian, catalan, coptic, 
croatian, czech, danish, dutch, esperanto, estonian, farsi, finnish, french, ga
lician, german, german-x-2013-05-26, greek, gujarati, hindi, hungarian, iceland
ic, indonesian, interlingua, irish, italian, kannada, kurmanji, latin, latvian,
 lithuanian, malayalam, marathi, mongolian, mongolianlmc, monogreek, ngerman, n
german-x-2013-05-26, nynorsk, oriya, panjabi, pinyin, polish, portuguese, roman
ian, russian, sanskrit, serbian, slovak, slovenian, spanish, swedish, swissgerm
an, tamil, telugu, turkish, turkmen, ukenglish, ukrainian, uppersorbian, usengl
ishmax, welsh, loaded.
("C:\Program Files (x86)\MiKTeX 2.9\tex\latex\base\article.cls"
Document Class: article 2007/10/19 v1.4h Standard LaTeX document class
("C:\Program Files (x86)\MiKTeX 2.9\tex\latex\base\size12.clo"
File: size12.clo 2007/10/19 v1.4h Standard LaTeX file (size option)
)
\c@part=\count79
\c@section=\count80
\c@subsection=\count81
\c@subsubsection=\count82
\c@paragraph=\count83
\c@subparagraph=\count84
\c@figure=\count85
\c@table=\count86
\abovecaptionskip=\skip41
\belowcaptionskip=\skip42
\bibindent=\dimen102
)
(C:\Users\Emanuel\git\LatexDoku\LatexDoku\VorspannGross.tex
("C:\Program Files (x86)\MiKTeX 2.9\tex\latex\base\fontenc.sty"
Package: fontenc 2005/09/27 v1.99g Standard LaTeX package

("C:\Program Files (x86)\MiKTeX 2.9\tex\latex\base\t1enc.def"
File: t1enc.def 2005/09/27 v1.99g Standard LaTeX file
LaTeX Font Info:    Redeclaring font encoding T1 on input line 43.
))
("C:\Program Files (x86)\MiKTeX 2.9\tex\latex\base\inputenc.sty"
Package: inputenc 2008/03/30 v1.1d Input encoding file
\inpenc@prehook=\toks14
\inpenc@posthook=\toks15

("C:\Program Files (x86)\MiKTeX 2.9\tex\latex\ucs\utf8x.def"
File: utf8x.def 2004/10/17 UCS: Input encoding UTF-8
))
("C:\Program Files (x86)\MiKTeX 2.9\tex\latex\ucs\ucs.sty"
Package: ucs 2013/05/11 v2.2 UCS: Unicode input support

("C:\Program Files (x86)\MiKTeX 2.9\tex\latex\ucs\uni-global.def"
File: uni-global.def 2013/05/13 UCS: Unicode global data
)
\uc@secondtry=\count87
\uc@combtoks=\toks16
\uc@combtoksb=\toks17
\uc@temptokena=\toks18
)
("C:\Program Files (x86)\MiKTeX 2.9\tex\latex\graphics\graphicx.sty"
Package: graphicx 1999/02/16 v1.0f Enhanced LaTeX Graphics (DPC,SPQR)

("C:\Program Files (x86)\MiKTeX 2.9\tex\latex\graphics\keyval.sty"
Package: keyval 1999/03/16 v1.13 key=value parser (DPC)
\KV@toks@=\toks19
)
("C:\Program Files (x86)\MiKTeX 2.9\tex\latex\graphics\graphics.sty"
Package: graphics 2009/02/05 v1.0o Standard LaTeX Graphics (DPC,SPQR)

("C:\Program Files (x86)\MiKTeX 2.9\tex\latex\graphics\trig.sty"
Package: trig 1999/03/16 v1.09 sin cos tan (DPC)
)
("C:\Program Files (x86)\MiKTeX 2.9\tex\latex\00miktex\graphics.cfg"
File: graphics.cfg 2007/01/18 v1.5 graphics configuration of teTeX/TeXLive
)
Package graphics Info: Driver file: pdftex.def on input line 91.

("C:\Program Files (x86)\MiKTeX 2.9\tex\latex\pdftex-def\pdftex.def"
File: pdftex.def 2011/05/27 v0.06d Graphics/color for pdfTeX

("C:\Program Files (x86)\MiKTeX 2.9\tex\generic\oberdiek\infwarerr.sty"
Package: infwarerr 2010/04/08 v1.3 Providing info/warning/error messages (HO)
)
("C:\Program Files (x86)\MiKTeX 2.9\tex\generic\oberdiek\ltxcmds.sty"
Package: ltxcmds 2011/11/09 v1.22 LaTeX kernel commands for general use (HO)
)
\Gread@gobject=\count88
))
\Gin@req@height=\dimen103
\Gin@req@width=\dimen104
)
("C:\Program Files (x86)\MiKTeX 2.9\tex\latex\subfigure\subfigure.sty"
Package: subfigure 2002/07/30 v2.1.4 subfigure package
\subfigtopskip=\skip43
\subfigcapskip=\skip44
\subfigcaptopadj=\dimen105
\subfigbottomskip=\skip45
\subfigcapmargin=\dimen106
\subfiglabelskip=\skip46
\c@subfigure=\count89
\c@lofdepth=\count90
\c@subtable=\count91
\c@lotdepth=\count92

****************************************
* Local config file subfigure.cfg used *
****************************************
("C:\Program Files (x86)\MiKTeX 2.9\tex\latex\subfigure\subfigure.cfg")
\subfig@top=\skip47
\subfig@bottom=\skip48
)
("C:\Program Files (x86)\MiKTeX 2.9\tex\latex\base\makeidx.sty"
Package: makeidx 2000/03/29 v1.0m Standard LaTeX package
)
\@indexfile=\write3

Writing index file Hauptdokument.idx
("C:\Program Files (x86)\MiKTeX 2.9\tex\latex\ltxmisc\anysize.sty"
Package: anysize 1994/08/13 1.0 Contributed LaTeX2e package

Package: `anysize' 1.0 <1994/08/13>
\@Leftmargin=\dimen107
\@Rightmargin=\dimen108
\@Topmargin=\dimen109
\@Bottommargin=\dimen110
) ("C:\Program Files (x86)\MiKTeX 2.9\tex\latex\appendix\appendix.sty"
Package: appendix 2009/09/02 v1.2b extra appendix facilities
\c@@pps=\count93
\c@@ppsavesec=\count94
\c@@ppsaveapp=\count95
)
("C:\Program Files (x86)\MiKTeX 2.9\tex\generic\babel\babel.sty"
Package: babel 2008/07/08 v3.8m The Babel package

*************************************
* Local config file bblopts.cfg used
*
("C:\Program Files (x86)\MiKTeX 2.9\tex\latex\00miktex\bblopts.cfg"
File: bblopts.cfg 2006/07/31 v1.0 MiKTeX 'babel' configuration
)
("C:\Program Files (x86)\MiKTeX 2.9\tex\generic\babel\germanb.ldf"
Language: germanb 2008/06/01 v2.6m German support from the babel system

("C:\Program Files (x86)\MiKTeX 2.9\tex\generic\babel\babel.def"
File: babel.def 2008/07/08 v3.8m Babel common definitions
\babel@savecnt=\count96
\U@D=\dimen111
)
\l@austrian = a dialect from \language\l@german 
Package babel Info: Making " an active character on input line 102.
))
("C:\Program Files (x86)\MiKTeX 2.9\tex\latex\hyperref\hyperref.sty"
Package: hyperref 2012/11/06 v6.83m Hypertext links for LaTeX

("C:\Program Files (x86)\MiKTeX 2.9\tex\generic\oberdiek\hobsub-hyperref.sty"
Package: hobsub-hyperref 2012/04/25 v1.12 Bundle oberdiek, subset hyperref (HO)


("C:\Program Files (x86)\MiKTeX 2.9\tex\generic\oberdiek\hobsub-generic.sty"
Package: hobsub-generic 2012/04/25 v1.12 Bundle oberdiek, subset generic (HO)
Package: hobsub 2012/04/25 v1.12 Construct package bundles (HO)
Package hobsub Info: Skipping package `infwarerr' (already loaded).
Package hobsub Info: Skipping package `ltxcmds' (already loaded).
Package: ifluatex 2010/03/01 v1.3 Provides the ifluatex switch (HO)
Package ifluatex Info: LuaTeX not detected.
Package: ifvtex 2010/03/01 v1.5 Detect VTeX and its facilities (HO)
Package ifvtex Info: VTeX not detected.
Package: intcalc 2007/09/27 v1.1 Expandable calculations with integers (HO)
Package: ifpdf 2011/01/30 v2.3 Provides the ifpdf switch (HO)
Package ifpdf Info: pdfTeX in PDF mode is detected.
Package: etexcmds 2011/02/16 v1.5 Avoid name clashes with e-TeX commands (HO)
Package etexcmds Info: Could not find \expanded.
(etexcmds)             That can mean that you are not using pdfTeX 1.50 or
(etexcmds)             that some package has redefined \expanded.
(etexcmds)             In the latter case, load this package earlier.
Package: kvsetkeys 2012/04/25 v1.16 Key value parser (HO)
Package: kvdefinekeys 2011/04/07 v1.3 Define keys (HO)
Package: pdftexcmds 2011/11/29 v0.20 Utility functions of pdfTeX for LuaTeX (HO
)
Package pdftexcmds Info: LuaTeX not detected.
Package pdftexcmds Info: \pdf@primitive is available.
Package pdftexcmds Info: \pdf@ifprimitive is available.
Package pdftexcmds Info: \pdfdraftmode found.
Package: pdfescape 2011/11/25 v1.13 Implements pdfTeX's escape features (HO)
Package: bigintcalc 2012/04/08 v1.3 Expandable calculations on big integers (HO
)
Package: bitset 2011/01/30 v1.1 Handle bit-vector datatype (HO)
Package: uniquecounter 2011/01/30 v1.2 Provide unlimited unique counter (HO)
)
Package hobsub Info: Skipping package `hobsub' (already loaded).
Package: letltxmacro 2010/09/02 v1.4 Let assignment for LaTeX macros (HO)
Package: hopatch 2011/06/24 v1.1 Wrapper for package hooks (HO)
Package: xcolor-patch 2011/01/30 xcolor patch
Package: atveryend 2011/06/30 v1.8 Hooks at the very end of document (HO)
Package atveryend Info: \enddocument detected (standard20110627).
Package: atbegshi 2011/10/05 v1.16 At begin shipout hook (HO)
Package: refcount 2011/10/16 v3.4 Data extraction from label references (HO)
Package: hycolor 2011/01/30 v1.7 Color options for hyperref/bookmark (HO)
)
("C:\Program Files (x86)\MiKTeX 2.9\tex\generic\ifxetex\ifxetex.sty"
Package: ifxetex 2010/09/12 v0.6 Provides ifxetex conditional
)
("C:\Program Files (x86)\MiKTeX 2.9\tex\latex\oberdiek\auxhook.sty"
Package: auxhook 2011/03/04 v1.3 Hooks for auxiliary files (HO)
)
("C:\Program Files (x86)\MiKTeX 2.9\tex\latex\oberdiek\kvoptions.sty"
Package: kvoptions 2011/06/30 v3.11 Key value format for package options (HO)
)
\@linkdim=\dimen112
\Hy@linkcounter=\count97
\Hy@pagecounter=\count98

("C:\Program Files (x86)\MiKTeX 2.9\tex\latex\hyperref\pd1enc.def"
File: pd1enc.def 2012/11/06 v6.83m Hyperref: PDFDocEncoding definition (HO)
)
\Hy@SavedSpaceFactor=\count99

("C:\Program Files (x86)\MiKTeX 2.9\tex\latex\00miktex\hyperref.cfg"
File: hyperref.cfg 2002/06/06 v1.2 hyperref configuration of TeXLive
)
Package hyperref Info: Hyper figures OFF on input line 4443.
Package hyperref Info: Link nesting OFF on input line 4448.
Package hyperref Info: Hyper index ON on input line 4451.
Package hyperref Info: Plain pages OFF on input line 4458.
Package hyperref Info: Backreferencing OFF on input line 4463.
Package hyperref Info: Implicit mode ON; LaTeX internals redefined.
Package hyperref Info: Bookmarks ON on input line 4688.
\c@Hy@tempcnt=\count100

("C:\Program Files (x86)\MiKTeX 2.9\tex\latex\url\url.sty"
\Urlmuskip=\muskip10
Package: url 2013/09/16  ver 3.4  Verb mode for urls, etc.
)
LaTeX Info: Redefining \url on input line 5041.
\XeTeXLinkMargin=\dimen113
\Fld@menulength=\count101
\Field@Width=\dimen114
\Fld@charsize=\dimen115
Package hyperref Info: Hyper figures OFF on input line 6295.
Package hyperref Info: Link nesting OFF on input line 6300.
Package hyperref Info: Hyper index ON on input line 6303.
Package hyperref Info: backreferencing OFF on input line 6310.
Package hyperref Info: Link coloring OFF on input line 6315.
Package hyperref Info: Link coloring with OCG OFF on input line 6320.
Package hyperref Info: PDF/A mode OFF on input line 6325.
LaTeX Info: Redefining \ref on input line 6365.
LaTeX Info: Redefining \pageref on input line 6369.
\Hy@abspage=\count102
\c@Item=\count103
\c@Hfootnote=\count104
)

Package hyperref Message: Driver (autodetected): hpdftex.

("C:\Program Files (x86)\MiKTeX 2.9\tex\latex\hyperref\hpdftex.def"
File: hpdftex.def 2012/11/06 v6.83m Hyperref driver for pdfTeX
\Fld@listcount=\count105
\c@bookmark@seq@number=\count106

("C:\Program Files (x86)\MiKTeX 2.9\tex\latex\oberdiek\rerunfilecheck.sty"
Package: rerunfilecheck 2011/04/15 v1.7 Rerun checks for auxiliary files (HO)
Package uniquecounter Info: New unique counter `rerunfilecheck' on input line 2
82.
)
\Hy@SectionHShift=\skip49
)
("C:\Program Files (x86)\MiKTeX 2.9\tex\latex\graphics\color.sty"
Package: color 2005/11/14 v1.0j Standard LaTeX Color (DPC)

("C:\Program Files (x86)\MiKTeX 2.9\tex\latex\00miktex\color.cfg"
File: color.cfg 2007/01/18 v1.5 color configuration of teTeX/TeXLive
)
Package color Info: Driver file: pdftex.def on input line 130.
)
Package color Info: Redefining color black on input line 39.
Package hyperref Info: Option `colorlinks' set `true' on input line 40.

("C:\Program Files (x86)\MiKTeX 2.9\tex\latex\fancyhdr\fancyhdr.sty"
\fancy@headwidth=\skip50
\f@ncyO@elh=\skip51
\f@ncyO@erh=\skip52
\f@ncyO@olh=\skip53
\f@ncyO@orh=\skip54
\f@ncyO@elf=\skip55
\f@ncyO@erf=\skip56
\f@ncyO@olf=\skip57
\f@ncyO@orf=\skip58
)
("C:\Program Files (x86)\MiKTeX 2.9\tex\latex\tools\tabularx.sty"
Package: tabularx 1999/01/07 v2.07 `tabularx' package (DPC)

("C:\Program Files (x86)\MiKTeX 2.9\tex\latex\tools\array.sty"
Package: array 2008/09/09 v2.4c Tabular extension package (FMi)
\col@sep=\dimen116
\extrarowheight=\dimen117
\NC@list=\toks20
\extratabsurround=\skip59
\backup@length=\skip60
)
\TX@col@width=\dimen118
\TX@old@table=\dimen119
\TX@old@col=\dimen120
\TX@target=\dimen121
\TX@delta=\dimen122
\TX@cols=\count107
\TX@ftn=\toks21
)
("C:\Program Files (x86)\MiKTeX 2.9\tex\latex\float\float.sty"
Package: float 2001/11/08 v1.3d Float enhancements (AL)
\c@float@type=\count108
\float@exts=\toks22
\float@box=\box26
\@float@everytoks=\toks23
\@floatcapt=\box27
)
("C:\Program Files (x86)\MiKTeX 2.9\tex\latex\cite\cite.sty"
LaTeX Info: Redefining \cite on input line 302.
LaTeX Info: Redefining \nocite on input line 373.
Package: cite 2010/09/10  v 5.3
)
Package hyperref Info: Option `colorlinks' set `true' on input line 69.
)
("C:\Program Files (x86)\MiKTeX 2.9\tex\latex\pdfpages\pdfpages.sty"
Package: pdfpages 2013/08/25 v0.4v Insert pages of external PDF documents (AM)

("C:\Program Files (x86)\MiKTeX 2.9\tex\latex\base\ifthen.sty"
Package: ifthen 2001/05/26 v1.1c Standard LaTeX ifthen package (DPC)
)
("C:\Program Files (x86)\MiKTeX 2.9\tex\latex\tools\calc.sty"
Package: calc 2007/08/22 v4.3 Infix arithmetic (KKT,FJ)
\calc@Acount=\count109
\calc@Bcount=\count110
\calc@Adimen=\dimen123
\calc@Bdimen=\dimen124
\calc@Askip=\skip61
\calc@Bskip=\skip62
LaTeX Info: Redefining \setlength on input line 76.
LaTeX Info: Redefining \addtolength on input line 77.
\calc@Ccount=\count111
\calc@Cskip=\skip63
)
("C:\Program Files (x86)\MiKTeX 2.9\tex\latex\eso-pic\eso-pic.sty"
Package: eso-pic 2013/10/06 v2.0d eso-pic (RN)
)
("C:\Program Files (x86)\MiKTeX 2.9\tex\latex\pdfpages\pppdftex.def"
File: pppdftex.def 2013/08/25 v0.4v Pdfpages driver for pdfTeX (AM)
)
\AM@pagebox=\box28
\AM@toc@title=\toks24
\c@AM@survey=\count112
\AM@templatesizebox=\box29
)
(C:\Users\Emanuel\git\LatexDoku\LatexDoku\Hauptdokument.aux)
LaTeX Font Info:    Checking defaults for OML/cmm/m/it on input line 6.
LaTeX Font Info:    ... okay on input line 6.
LaTeX Font Info:    Checking defaults for T1/cmr/m/n on input line 6.
LaTeX Font Info:    ... okay on input line 6.
LaTeX Font Info:    Checking defaults for OT1/cmr/m/n on input line 6.
LaTeX Font Info:    ... okay on input line 6.
LaTeX Font Info:    Checking defaults for OMS/cmsy/m/n on input line 6.
LaTeX Font Info:    ... okay on input line 6.
LaTeX Font Info:    Checking defaults for OMX/cmex/m/n on input line 6.
LaTeX Font Info:    ... okay on input line 6.
LaTeX Font Info:    Checking defaults for U/cmr/m/n on input line 6.
LaTeX Font Info:    ... okay on input line 6.
LaTeX Font Info:    Checking defaults for PD1/pdf/m/n on input line 6.
LaTeX Font Info:    ... okay on input line 6.

("C:\Program Files (x86)\MiKTeX 2.9\tex\latex\ucs\ucsencs.def"
File: ucsencs.def 2011/01/21 Fixes to fontencodings LGR, T3
)
("C:\Program Files (x86)\MiKTeX 2.9\tex\context\base\supp-pdf.mkii"
[Loading MPS to PDF converter (version 2006.09.02).]
\scratchcounter=\count113
\scratchdimen=\dimen125
\scratchbox=\box30
\nofMPsegments=\count114
\nofMParguments=\count115
\everyMPshowfont=\toks25
\MPscratchCnt=\count116
\MPscratchDim=\dimen126
\MPnumerator=\count117
\makeMPintoPDFobject=\count118
\everyMPtoPDFconversion=\toks26
)
\AtBeginShipoutBox=\box31
Package hyperref Info: Link coloring ON on input line 6.
 ("C:\Program Files (x86)\MiKTeX 2.9\tex\latex\hyperref\nameref.sty"
Package: nameref 2012/10/27 v2.43 Cross-referencing by name of section

("C:\Program Files (x86)\MiKTeX 2.9\tex\generic\oberdiek\gettitlestring.sty"
Package: gettitlestring 2010/12/03 v1.4 Cleanup title references (HO)
)
\c@section@level=\count119
)
LaTeX Info: Redefining \ref on input line 6.
LaTeX Info: Redefining \pageref on input line 6.
LaTeX Info: Redefining \nameref on input line 6.

(C:\Users\Emanuel\git\LatexDoku\LatexDoku\Hauptdokument.out)
(C:\Users\Emanuel\git\LatexDoku\LatexDoku\Hauptdokument.out)
\@outlinefile=\write4
LaTeX Font Info:    External font `cmex10' loaded for size
(Font)              <14.4> on input line 12.
LaTeX Font Info:    External font `cmex10' loaded for size
(Font)              <7> on input line 12.
 [1

{C:/ProgramData/MiKTeX/2.9/pdftex/config/pdftex.map}]
(C:\Users\Emanuel\git\LatexDoku\LatexDoku\Hauptdokument.toc
LaTeX Font Info:    External font `cmex10' loaded for size
(Font)              <12> on input line 3.
LaTeX Font Info:    External font `cmex10' loaded for size
(Font)              <8> on input line 3.
LaTeX Font Info:    External font `cmex10' loaded for size
(Font)              <6> on input line 3.
)
\tf@toc=\write5
 [2]
(C:\Users\Emanuel\git\LatexDoku\LatexDoku\Sektionen/Einleitung.tex
("C:\Program Files (x86)\MiKTeX 2.9\tex\latex\ucs\uni-0.def"
File: uni-0.def 2013/05/13 UCS: Unicode data U+0000..U+00FF
)
Underfull \hbox (badness 10000) in paragraph at lines 12--15

 []

[3] ("C:\Program Files (x86)\MiKTeX 2.9\tex\latex\ucs\uni-32.def"
File: uni-32.def 2013/05/13 UCS: Unicode data U+2000..U+20FF
)
LaTeX Font Info:    Try loading font information for OMS+cmr on input line 37.

("C:\Program Files (x86)\MiKTeX 2.9\tex\latex\base\omscmr.fd"
File: omscmr.fd 1999/05/25 v2.5h Standard LaTeX font definitions
)
LaTeX Font Info:    Font shape `OMS/cmr/m/n' in size <12> not available
(Font)              Font shape `OMS/cmsy/m/n' tried instead on input line 37.

Underfull \hbox (badness 10000) in paragraph at lines 42--43

 []


Underfull \hbox (badness 10000) in paragraph at lines 44--45

 []


Underfull \hbox (badness 10000) in paragraph at lines 52--53

 []

[4]
Underfull \hbox (badness 10000) in paragraph at lines 54--64

 []


Underfull \hbox (badness 10000) in paragraph at lines 65--73

 []


Underfull \hbox (badness 10000) in paragraph at lines 74--79

 []

) [5]
(C:\Users\Emanuel\git\LatexDoku\LatexDoku\Sektionen/TechnischeDokumentation.tex

Underfull \hbox (badness 10000) in paragraph at lines 12--16

 []


Underfull \hbox (badness 10000) in paragraph at lines 26--30

 []


Underfull \hbox (badness 10000) in paragraph at lines 40--44

 []

[6]
Underfull \hbox (badness 10000) in paragraph at lines 53--59

 []


Underfull \hbox (badness 10000) in paragraph at lines 67--72

 []


Underfull \hbox (badness 10000) in paragraph at lines 81--87

 []


Underfull \hbox (badness 10000) in paragraph at lines 96--100

 []

[7]
Underfull \hbox (badness 10000) in paragraph at lines 110--116

 []


Underfull \hbox (badness 10000) in paragraph at lines 127--133

 []


Underfull \hbox (badness 10000) in paragraph at lines 142--146

 []

[8]
Underfull \hbox (badness 10000) in paragraph at lines 156--160

 []


Underfull \hbox (badness 10000) in paragraph at lines 169--173

 []


Underfull \hbox (badness 10000) in paragraph at lines 182--187

 []


Underfull \hbox (badness 10000) in paragraph at lines 195--201

 []

[9]
Underfull \hbox (badness 10000) in paragraph at lines 211--216

 []


Underfull \hbox (badness 10000) in paragraph at lines 227--231

 []


Underfull \hbox (badness 10000) in paragraph at lines 241--246

 []


Underfull \hbox (badness 10000) in paragraph at lines 255--261

 []

[10]
Underfull \hbox (badness 10000) in paragraph at lines 269--275

 []


Underfull \hbox (badness 10000) in paragraph at lines 284--290

 []


Underfull \hbox (badness 10000) in paragraph at lines 298--303

 []

[11]
Underfull \hbox (badness 10000) in paragraph at lines 311--315

 []


Underfull \hbox (badness 10000) in paragraph at lines 325--330

 []

[12] <Bilder/GUIKlassendia/TeilOben.PNG, id=194, 870.25125pt x 542.025pt>
File: Bilder/GUIKlassendia/TeilOben.PNG Graphic file (type png)

<use Bilder/GUIKlassendia/TeilOben.PNG>
Package pdftex.def Info: Bilder/GUIKlassendia/TeilOben.PNG used on input line 3
37.
(pdftex.def)             Requested size: 435.12456pt x 271.01183pt.

<Bilder/GUIKlassendia/TeilUnten.PNG, id=196, 928.97063pt x 472.76625pt>
File: Bilder/GUIKlassendia/TeilUnten.PNG Graphic file (type png)

<use Bilder/GUIKlassendia/TeilUnten.PNG>
Package pdftex.def Info: Bilder/GUIKlassendia/TeilUnten.PNG used on input line 
340.
(pdftex.def)             Requested size: 464.48418pt x 236.38254pt.

Overfull \hbox (3.54918pt too wide) in paragraph at lines 340--341
 [][] 
 []

[13 <C:/Users/Emanuel/git/LatexDoku/LatexDoku/Bilder/GUIKlassendia/TeilOben.PNG
> <C:/Users/Emanuel/git/LatexDoku/LatexDoku/Bilder/GUIKlassendia/TeilUnten.PNG>
] <./Bilder/Klaviertaste_Gedrueckt.png, id=204, 1395.2125pt x 602.25pt>
File: ./Bilder/Klaviertaste_Gedrueckt.png Graphic file (type png)

<use ./Bilder/Klaviertaste_Gedrueckt.png>
Package pdftex.def Info: ./Bilder/Klaviertaste_Gedrueckt.png used on input line
 353.
(pdftex.def)             Requested size: 460.935pt x 198.96365pt.
 [14pdfTeX warning (ext4): destination with the same identifier (name{figure.1}
) has been already used, duplicate ignored

\AtBegShi@Output ...ipout \box \AtBeginShipoutBox 
                                                  \fi \fi 
l.381 \newpage
               <C:/Users/Emanuel/git/LatexDoku/LatexDoku/Bilder/Klaviertaste_Ge
drueckt.png (PNG copy)>]
<./Bilder/Neues_Projekt.png, id=213, 943.525pt x 572.1375pt>
File: ./Bilder/Neues_Projekt.png Graphic file (type png)

<use ./Bilder/Neues_Projekt.png>
Package pdftex.def Info: ./Bilder/Neues_Projekt.png used on input line 385.
(pdftex.def)             Requested size: 460.935pt x 279.503pt.

Underfull \hbox (badness 10000) in paragraph at lines 389--396

 []

[15pdfTeX warning (ext4): destination with the same identifier (name{figure.2})
 has been already used, duplicate ignored

\AtBegShi@Output ...ipout \box \AtBeginShipoutBox 
                                                  \fi \fi 
l.399 \newpage
               <C:/Users/Emanuel/git/LatexDoku/LatexDoku/Bilder/Neues_Projekt.p
ng (PNG copy)>]
<./Bilder/Ton_Aufnehmen.png, id=220, 761.84625pt x 663.47874pt>
File: ./Bilder/Ton_Aufnehmen.png Graphic file (type png)

<use ./Bilder/Ton_Aufnehmen.png>
Package pdftex.def Info: ./Bilder/Ton_Aufnehmen.png used on input line 406.
(pdftex.def)             Requested size: 460.935pt x 401.41093pt.

Underfull \hbox (badness 10000) in paragraph at lines 410--416

 []

[16pdfTeX warning (ext4): destination with the same identifier (name{figure.3})
 has been already used, duplicate ignored

\AtBegShi@Output ...ipout \box \AtBeginShipoutBox 
                                                  \fi \fi 
l.419 \newpage
               <C:/Users/Emanuel/git/LatexDoku/LatexDoku/Bilder/Ton_Aufnehmen.p
ng>] <./Bilder/tonAbspielen.png, id=228, 1008.76875pt x 532.99126pt>
File: ./Bilder/tonAbspielen.png Graphic file (type png)

<use ./Bilder/tonAbspielen.png>
Package pdftex.def Info: ./Bilder/tonAbspielen.png used on input line 423.
(pdftex.def)             Requested size: 460.935pt x 243.53613pt.
LaTeX Font Info:    Try loading font information for T1+cmtt on input line 438.


("C:\Program Files (x86)\MiKTeX 2.9\tex\latex\base\t1cmtt.fd"
File: t1cmtt.fd 1999/05/25 v2.5h Standard LaTeX font definitions
)) [17pdfTeX warning (ext4): destination with the same identifier (name{figure.
4}) has been already used, duplicate ignored

\AtBegShi@Output ...ipout \box \AtBeginShipoutBox 
                                                  \fi \fi 
l.24 \newpage
              <C:/Users/Emanuel/git/LatexDoku/LatexDoku/Bilder/tonAbspielen.png
>] (C:\Users\Emanuel\git\LatexDoku\LatexDoku\Sektionen/Benutzerhandbuch.tex
<Bilder/Projektbild1.PNG, id=237, 749.80125pt x 460.72125pt>
File: Bilder/Projektbild1.PNG Graphic file (type png)

<use Bilder/Projektbild1.PNG>
Package pdftex.def Info: Bilder/Projektbild1.PNG used on input line 8.
(pdftex.def)             Requested size: 449.88422pt x 276.43488pt.
 [18pdfTeX warning (ext4): destination with the same identifier (name{figure.5}
) has been already used, duplicate ignored

\AtBegShi@Output ...ipout \box \AtBeginShipoutBox 
                                                  \fi \fi 
l.17 \newpage
              <C:/Users/Emanuel/git/LatexDoku/LatexDoku/Bilder/Projektbild1.PNG
>] <Bilder/Projektbild2_1.PNG, id=244, 557.08125pt x 240.14719pt>
File: Bilder/Projektbild2_1.PNG Graphic file (type png)

<use Bilder/Projektbild2_1.PNG>
Package pdftex.def Info: Bilder/Projektbild2_1.PNG used on input line 25.
(pdftex.def)             Requested size: 225.86067pt x 97.36166pt.

<Bilder/ProjektEingabeName.PNG, id=245, 257.46187pt x 104.64093pt>
File: Bilder/ProjektEingabeName.PNG Graphic file (type png)

<use Bilder/ProjektEingabeName.PNG>
Package pdftex.def Info: Bilder/ProjektEingabeName.PNG used on input line 26.
(pdftex.def)             Requested size: 225.86067pt x 91.79848pt.

<Bilder/ProjektSpeichern.PNG, id=246, 392.21532pt x 277.035pt>
File: Bilder/ProjektSpeichern.PNG Graphic file (type png)

<use Bilder/ProjektSpeichern.PNG>
Package pdftex.def Info: Bilder/ProjektSpeichern.PNG used on input line 34.
(pdftex.def)             Requested size: 392.21436pt x 277.03432pt.
 [19pdfTeX warning (ext4): destination with the same identifier (name{figure.6}
) has been already used, duplicate ignored

\AtBegShi@Output ...ipout \box \AtBeginShipoutBox 
                                                  \fi \fi 
l.43 
     pdfTeX warning (ext4): destination with the same identifier (name{figure.7
}) has been already used, duplicate ignored

\AtBegShi@Output ...ipout \box \AtBeginShipoutBox 
                                                  \fi \fi 
l.43 
      <C:/Users/Emanuel/git/LatexDoku/LatexDoku/Bilder/Projektbild2_1.PNG> <C:/
Users/Emanuel/git/LatexDoku/LatexDoku/Bilder/ProjektEingabeName.PNG> <C:/Users/
Emanuel/git/LatexDoku/LatexDoku/Bilder/ProjektSpeichern.PNG>]
<Bilder/Projektbild3_1.PNG, id=261, 572.89032pt x 260.47313pt>
File: Bilder/Projektbild3_1.PNG Graphic file (type png)

<use Bilder/Projektbild3_1.PNG>
Package pdftex.def Info: Bilder/Projektbild3_1.PNG used on input line 46.
(pdftex.def)             Requested size: 343.73683pt x 156.28508pt.
 [20pdfTeX warning (ext4): destination with the same identifier (name{figure.8}
) has been already used, duplicate ignored

\AtBegShi@Output ...ipout \box \AtBeginShipoutBox 
                                                  \fi \fi 
l.50 \newpage
              <C:/Users/Emanuel/git/LatexDoku/LatexDoku/Bilder/Projektbild3_1.P
NG>] <Bilder/Projektbild4_Dateiname.PNG, id=269, 402.00188pt x 94.10156pt>
File: Bilder/Projektbild4_Dateiname.PNG Graphic file (type png)

<use Bilder/Projektbild4_Dateiname.PNG>
Package pdftex.def Info: Bilder/Projektbild4_Dateiname.PNG used on input line 6
0.
(pdftex.def)             Requested size: 225.86067pt x 52.8688pt.

<Bilder/Projektbild4_Tempo.PNG, id=270, 383.18156pt x 101.62968pt>
File: Bilder/Projektbild4_Tempo.PNG Graphic file (type png)

<use Bilder/Projektbild4_Tempo.PNG>
Package pdftex.def Info: Bilder/Projektbild4_Tempo.PNG used on input line 61.
(pdftex.def)             Requested size: 225.86067pt x 59.90515pt.

<Bilder/Projektbild4_AufnehmenButton.PNG, id=271, 385.44pt x 115.18031pt>
File: Bilder/Projektbild4_AufnehmenButton.PNG Graphic file (type png)

<use Bilder/Projektbild4_AufnehmenButton.PNG>
Package pdftex.def Info: Bilder/Projektbild4_AufnehmenButton.PNG used on input 
line 62.
(pdftex.def)             Requested size: 225.86067pt x 67.49355pt.

Overfull \hbox (1.22826pt too wide) in paragraph at lines 60--63
[][] [][]
 []

<Bilder/Projektbild4_Stop.PNG, id=272, 363.60844pt x 93.34875pt>
File: Bilder/Projektbild4_Stop.PNG Graphic file (type png)

<use Bilder/Projektbild4_Stop.PNG>
Package pdftex.def Info: Bilder/Projektbild4_Stop.PNG used on input line 70.
(pdftex.def)             Requested size: 363.60754pt x 93.34851pt.
 [21pdfTeX warning (ext4): destination with the same identifier (name{figure.9}
) has been already used, duplicate ignored

\AtBegShi@Output ...ipout \box \AtBeginShipoutBox 
                                                  \fi \fi 
l.74 \newpage
             pdfTeX warning (ext4): destination with the same identifier (name{
figure.10}) has been already used, duplicate ignored

\AtBegShi@Output ...ipout \box \AtBeginShipoutBox 
                                                  \fi \fi 
l.74 \newpage
              <C:/Users/Emanuel/git/LatexDoku/LatexDoku/Bilder/Projektbild4_Dat
einame.PNG> <C:/Users/Emanuel/git/LatexDoku/LatexDoku/Bilder/Projektbild4_Tempo
.PNG> <C:/Users/Emanuel/git/LatexDoku/LatexDoku/Bilder/Projektbild4_AufnehmenBu
tton.PNG> <C:/Users/Emanuel/git/LatexDoku/LatexDoku/Bilder/Projektbild4_Stop.PN
G>] <Bilder/AbspielenBild.PNG, id=287, 391.4625pt x 275.52937pt>
File: Bilder/AbspielenBild.PNG Graphic file (type png)

<use Bilder/AbspielenBild.PNG>
Package pdftex.def Info: Bilder/AbspielenBild.PNG used on input line 83.
(pdftex.def)             Requested size: 313.17041pt x 220.42378pt.

<Bilder/abspielenbsp.PNG, id=288, 235.63031pt x 108.405pt>
File: Bilder/abspielenbsp.PNG Graphic file (type png)

<use Bilder/abspielenbsp.PNG>
Package pdftex.def Info: Bilder/abspielenbsp.PNG used on input line 92.
(pdftex.def)             Requested size: 212.0653pt x 97.56358pt.

Underfull \hbox (badness 10000) in paragraph at lines 96--97

 []

[22pdfTeX warning (ext4): destination with the same identifier (name{figure.11}
) has been already used, duplicate ignored

\AtBegShi@Output ...ipout \box \AtBeginShipoutBox 
                                                  \fi \fi 
l.107    \item[•]
                    Die Töne des Samples müssen 8 oder 16 bit lang sein.pdfTe
X warning (ext4): destination with the same identifier (name{figure.12}) has be
en already used, duplicate ignored

\AtBegShi@Output ...ipout \box \AtBeginShipoutBox 
                                                  \fi \fi 
l.107    \item[•]
                    Die Töne des Samples müssen 8 oder 16 bit lang sein. <C:/
Users/Emanuel/git/LatexDoku/LatexDoku/Bilder/AbspielenBild.PNG> <C:/Users/Emanu
el/git/LatexDoku/LatexDoku/Bilder/abspielenbsp.PNG>] [23]
<Bilder/SampleDropdown.PNG, id=303, 371.88937pt x 91.84312pt>
File: Bilder/SampleDropdown.PNG Graphic file (type png)

<use Bilder/SampleDropdown.PNG>
Package pdftex.def Info: Bilder/SampleDropdown.PNG used on input line 149.
(pdftex.def)             Requested size: 371.88846pt x 91.84288pt.

Underfull \hbox (badness 10000) in paragraph at lines 155--156

 []

<Bilder/Projektbild1EigenesSample.PNG, id=304, 749.80125pt x 460.72125pt>
File: Bilder/Projektbild1EigenesSample.PNG Graphic file (type png)

<use Bilder/Projektbild1EigenesSample.PNG>
Package pdftex.def Info: Bilder/Projektbild1EigenesSample.PNG used on input lin
e 161.
(pdftex.def)             Requested size: 449.88422pt x 276.43488pt.
)
Package atveryend Info: Empty hook `BeforeClearDocument' on input line 31.
 [24pdfTeX warning (ext4): destination with the same identifier (name{figure.13
}) has been already used, duplicate ignored

\AtBegShi@Output ...ipout \box \AtBeginShipoutBox 
                                                  \fi \fi 
l.31 \end{document}
                   pdfTeX warning (ext4): destination with the same identifier 
(name{figure.14}) has been already used, duplicate ignored

\AtBegShi@Output ...ipout \box \AtBeginShipoutBox 
                                                  \fi \fi 
l.31 \end{document}
                    <C:/Users/Emanuel/git/LatexDoku/LatexDoku/Bilder/SampleDrop
down.PNG> <C:/Users/Emanuel/git/LatexDoku/LatexDoku/Bilder/Projektbild1EigenesS
ample.PNG>]
Package atveryend Info: Empty hook `AfterLastShipout' on input line 31.
 (C:\Users\Emanuel\git\LatexDoku\LatexDoku\Hauptdokument.aux)
Package atveryend Info: Executing hook `AtVeryEndDocument' on input line 31.
Package atveryend Info: Executing hook `AtEndAfterFileList' on input line 31.
Package rerunfilecheck Info: File `Hauptdokument.out' has not changed.
(rerunfilecheck)             Checksum: 639EDF2161D96CA5EF5F82719F01A00B;751.
Package atveryend Info: Empty hook `AtVeryVeryEnd' on input line 31.
 ) 
Here is how much of TeX's memory you used:
 8155 strings out of 493921
 118834 string characters out of 3144870
 200504 words of memory out of 3000000
 11158 multiletter control sequences out of 15000+200000
 13765 words of font info for 35 fonts, out of 3000000 for 9000
 841 hyphenation exceptions out of 8191
 31i,12n,43p,738b,481s stack positions out of 5000i,500n,10000p,200000b,50000s
 <C:\Users\Emanuel\AppData\Local\MiKTeX\2.9\fonts\pk\ljfour\jknappen\ec\dpi60
0\ecrm1000.pk> <C:\Users\Emanuel\AppData\Local\MiKTeX\2.9\fonts\pk\ljfour\jknap
pen\ec\dpi600\ectt1200.pk> <C:\Users\Emanuel\AppData\Local\MiKTeX\2.9\fonts\pk\
ljfour\jknappen\ec\dpi600\ecbx1440.pk> <C:\Users\Emanuel\AppData\Local\MiKTeX\2
.9\fonts\pk\ljfour\jknappen\ec\dpi600\ecbx1200.pk> <C:\Users\Emanuel\AppData\Lo
cal\MiKTeX\2.9\fonts\pk\ljfour\jknappen\ec\dpi600\ecbx1728.pk> <C:\Users\Emanue
l\AppData\Local\MiKTeX\2.9\fonts\pk\ljfour\jknappen\ec\dpi600\ecrm1200.pk> <C:\
Users\Emanuel\AppData\Local\MiKTeX\2.9\fonts\pk\ljfour\jknappen\ec\dpi600\ecrm1
440.pk> <C:\Users\Emanuel\AppData\Local\MiKTeX\2.9\fonts\pk\ljfour\jknappen\ec\
dpi600\ecrm2074.pk><C:/Program Files (x86)/MiKTeX 2.9/fonts/type1/public/amsfon
ts/cm/cmsy10.pfb>
Output written on Hauptdokument.pdf (24 pages, 555908 bytes).
PDF statistics:
 670 PDF objects out of 1000 (max. 8388607)
 138 named destinations out of 1000 (max. 500000)
 192 words of extra memory for PDF output out of 10000 (max. 10000000)

>>>>>>> origin/Emanuel
